<?xml version="1.0" encoding="UTF-8"?>
<!-- Generated by org.testng.reporters.JUnitReportReporter -->
<testsuite hostname="TRD-LAP-007" failures="0" tests="1" name="GetURL.FooterLinksCheck" time="149.879" errors="0" timestamp="2024-07-09T11:33:54 IST" skipped="0">
  <testcase classname="GetURL.FooterLinksCheck" name="FooterLinks" time="149.879"/>
</testsuite> <!-- GetURL.FooterLinksCheck -->
