<?xml version="1.0" encoding="UTF-8"?>
<!-- Generated by org.testng.reporters.JUnitReportReporter -->
<testsuite hostname="TRD-LAP-007" failures="0" tests="1" name="GetURL.GetPageLinks" time="93.303" errors="0" timestamp="2024-07-08T15:31:49 IST" skipped="0">
  <testcase classname="GetURL.GetPageLinks" name="HeaderLinks" time="93.303"/>
</testsuite> <!-- GetURL.GetPageLinks -->
