<?xml version="1.0" encoding="UTF-8"?>
<!-- Generated by org.testng.reporters.JUnitReportReporter -->
<testsuite hostname="TRD-LAP-007" failures="0" tests="1" name="GetURL.FooterLinksCheck" time="200.497" errors="0" timestamp="2024-07-08T15:31:49 IST" skipped="0">
  <testcase classname="GetURL.FooterLinksCheck" name="FooterLinks" time="200.497"/>
</testsuite> <!-- GetURL.FooterLinksCheck -->
