<?xml version="1.0" encoding="UTF-8"?>
<!-- Generated by org.testng.reporters.JUnitReportReporter -->
<testsuite hostname="TRD-LAP-007" failures="0" tests="1" name="GetURL.GetPageLinks" time="105.241" errors="0" timestamp="2024-07-09T11:33:54 IST" skipped="0">
  <testcase classname="GetURL.GetPageLinks" name="HeaderLinks" time="105.241"/>
</testsuite> <!-- GetURL.GetPageLinks -->
