<?xml version="1.0" encoding="UTF-8"?>
<!-- Generated by org.testng.reporters.JUnitReportReporter -->
<testsuite hostname="TRD-LAP-007" failures="0" tests="1" name="Framework_TestNG.day2" time="0.002" errors="0" timestamp="2024-07-05T17:27:42 IST" skipped="0">
  <testcase classname="Framework_TestNG.day2" name="ploan" time="0.002"/>
</testsuite> <!-- Framework_TestNG.day2 -->
