<?xml version="1.0" encoding="UTF-8"?>
<!-- Generated by org.testng.reporters.JUnitReportReporter -->
<testsuite hostname="TRD-LAP-007" failures="0" tests="6" name="Framework_TestNG.day3" time="0.198" errors="0" timestamp="2024-07-05T17:27:42 IST" skipped="1">
  <testcase classname="Framework_TestNG.day3" name="WebloginCarLoan" time="0.010"/>
  <testcase classname="Framework_TestNG.day3" name="MobilesignoutcarLoan" time="0.029"/>
  <testcase classname="Framework_TestNG.day3" name="MobilesignoutcarLoan" time="0.036"/>
  <testcase classname="Framework_TestNG.day3" name="MobilesignoutcarLoan" time="0.012"/>
  <testcase classname="Framework_TestNG.day3" name="MobileLogincarLoan" time="0.111"/>
  <testcase classname="Framework_TestNG.day3" name="MobilesignimcarLoan">
    <skipped/>
  </testcase> <!-- MobilesignimcarLoan -->
</testsuite> <!-- Framework_TestNG.day3 -->
